<?xml version="1.0" encoding="UTF-8"?>
<!-- Generated by org.testng.reporters.JUnitReportReporter -->
<testsuite hostname="SAROVAR-NOTEBOOK-PRO" failures="0" tests="1" name="com.pnmac.testCases.TC_AddCustomerTest_003" time="14.034" errors="0" timestamp="24 May 2022 05:23:34 GMT" skipped="0">
  <testcase classname="com.pnmac.testCases.TC_AddCustomerTest_003" name="addNewCustomer" time="14.034"/>
</testsuite> <!-- com.pnmac.testCases.TC_AddCustomerTest_003 -->
