<?xml version="1.0" encoding="UTF-8"?>
<!-- Generated by org.testng.reporters.JUnitReportReporter -->
<testsuite hostname="SAROVAR-NOTEBOOK-PRO" failures="0" tests="1" name="com.pnmac.testCases.TC_LoginTest_001" time="3.018" errors="0" timestamp="24 May 2022 05:01:49 GMT" skipped="0">
  <testcase classname="com.pnmac.testCases.TC_LoginTest_001" name="loginTest" time="3.018"/>
</testsuite> <!-- com.pnmac.testCases.TC_LoginTest_001 -->
